c:\users\ethan\downloads\gd4robocatsfml\robocatsfmlclient\debug\robocatsfmlclient.pch
c:\users\ethan\downloads\gd4robocatsfml\robocatsfmlclient\debug\vc142.pdb
c:\users\ethan\downloads\gd4robocatsfml\robocatsfmlclient\debug\vc142.idb
c:\users\ethan\downloads\gd4robocatsfml\robocatsfmlclient\debug\robocatclientpch.obj
c:\users\ethan\downloads\gd4robocatsfml\robocatsfmlclient\debug\yarnclient.obj
c:\users\ethan\downloads\gd4robocatsfml\robocatsfmlclient\debug\windowmanager.obj
c:\users\ethan\downloads\gd4robocatsfml\robocatsfmlclient\debug\texturemanager.obj
c:\users\ethan\downloads\gd4robocatsfml\robocatsfmlclient\debug\spritecomponent.obj
c:\users\ethan\downloads\gd4robocatsfml\robocatsfmlclient\debug\robocatclient.obj
c:\users\ethan\downloads\gd4robocatsfml\robocatsfmlclient\debug\replicationmanagerclient.obj
c:\users\ethan\downloads\gd4robocatsfml\robocatsfmlclient\debug\rendermanager.obj
c:\users\ethan\downloads\gd4robocatsfml\robocatsfmlclient\debug\playerspritecomponent.obj
c:\users\ethan\downloads\gd4robocatsfml\robocatsfmlclient\debug\networkmanagerclient.obj
c:\users\ethan\downloads\gd4robocatsfml\robocatsfmlclient\debug\mouseclient.obj
c:\users\ethan\downloads\gd4robocatsfml\robocatsfmlclient\debug\inputmanager.obj
c:\users\ethan\downloads\gd4robocatsfml\robocatsfmlclient\debug\hud.obj
c:\users\ethan\downloads\gd4robocatsfml\robocatsfmlclient\debug\fontmanager.obj
c:\users\ethan\downloads\gd4robocatsfml\robocatsfmlclient\debug\clientmain.obj
c:\users\ethan\downloads\gd4robocatsfml\robocatsfmlclient\debug\client.obj
c:\users\ethan\downloads\gd4robocatsfml\robocatsfmlclient\debug\robocatsfmlclient.ilk
c:\users\ethan\downloads\gd4robocatsfml\debug\robocatsfmlclient.exe
c:\users\ethan\downloads\gd4robocatsfml\debug\robocatsfmlclient.pdb
c:\users\ethan\downloads\gd4robocatsfml\robocatsfmlclient\debug\robocats.8b45a7f9.tlog\cl.command.1.tlog
c:\users\ethan\downloads\gd4robocatsfml\robocatsfmlclient\debug\robocats.8b45a7f9.tlog\cl.read.1.tlog
c:\users\ethan\downloads\gd4robocatsfml\robocatsfmlclient\debug\robocats.8b45a7f9.tlog\cl.write.1.tlog
c:\users\ethan\downloads\gd4robocatsfml\robocatsfmlclient\debug\robocats.8b45a7f9.tlog\link.command.1.tlog
c:\users\ethan\downloads\gd4robocatsfml\robocatsfmlclient\debug\robocats.8b45a7f9.tlog\link.read.1.tlog
c:\users\ethan\downloads\gd4robocatsfml\robocatsfmlclient\debug\robocats.8b45a7f9.tlog\link.write.1.tlog
