  RoboCatClientPCH.cpp
C:\Users\ethan\Downloads\GD4RoboCatSFML\RoboCatSFML\MoveList.hpp(23,32): warning C4267: 'return': conversion from 'size_t' to 'int', possible loss of data
  Client.cpp
  ClientMain.cpp
  FontManager.cpp
  HUD.cpp
C:\Users\ethan\Downloads\GD4RoboCatSFML\RoboCatSFMLClient\HUD.cpp(73,61): warning C4244: 'argument': conversion from 'const float' to 'sf::Uint8', possible loss of data
C:\Users\ethan\Downloads\GD4RoboCatSFML\RoboCatSFMLClient\HUD.cpp(73,49): warning C4244: 'argument': conversion from 'const float' to 'sf::Uint8', possible loss of data
C:\Users\ethan\Downloads\GD4RoboCatSFML\RoboCatSFMLClient\HUD.cpp(73,37): warning C4244: 'argument': conversion from 'const float' to 'sf::Uint8', possible loss of data
  InputManager.cpp
  MouseClient.cpp
  NetworkManagerClient.cpp
  PlayerSpriteComponent.cpp
C:\Users\ethan\Downloads\GD4RoboCatSFML\RoboCatSFMLClient\PlayerSpriteComponent.cpp(16,73): warning C4244: 'argument': conversion from 'float' to 'sf::Uint8', possible loss of data
C:\Users\ethan\Downloads\GD4RoboCatSFML\RoboCatSFMLClient\PlayerSpriteComponent.cpp(16,57): warning C4244: 'argument': conversion from 'float' to 'sf::Uint8', possible loss of data
C:\Users\ethan\Downloads\GD4RoboCatSFML\RoboCatSFMLClient\PlayerSpriteComponent.cpp(16,41): warning C4244: 'argument': conversion from 'float' to 'sf::Uint8', possible loss of data
  RenderManager.cpp
C:\Users\ethan\Downloads\GD4RoboCatSFML\RoboCatSFMLClient\RenderManager.cpp(29,41): warning C4267: 'initializing': conversion from 'size_t' to 'int', possible loss of data
C:\Users\ethan\Downloads\GD4RoboCatSFML\RoboCatSFMLClient\RenderManager.cpp(40,2): warning C4267: 'initializing': conversion from 'size_t' to 'int', possible loss of data
  ReplicationManagerClient.cpp
  RoboCatClient.cpp
  SpriteComponent.cpp
C:\Users\ethan\Downloads\GD4RoboCatSFML\RoboCatSFMLClient\SpriteComponent.cpp(21,42): warning C4244: 'argument': conversion from 'T' to 'float', possible loss of data
          with
          [
              T=unsigned int
          ]
C:\Users\ethan\Downloads\GD4RoboCatSFML\RoboCatSFMLClient\SpriteComponent.cpp(21,29): warning C4244: 'argument': conversion from 'T' to 'float', possible loss of data
          with
          [
              T=unsigned int
          ]
  TextureManager.cpp
  WindowManager.cpp
  YarnClient.cpp
  Generating Code...
Client.obj : error LNK2019: unresolved external symbol "__declspec(dllimport) public: bool __cdecl sf::Window::pollEvent(class sf::Event &)" (__imp_?pollEvent@Window@sf@@QEAA_NAEAVEvent@2@@Z) referenced in function "protected: virtual bool __cdecl Client::PollEvent(class sf::Event &)" (?PollEvent@Client@@MEAA_NAEAVEvent@sf@@@Z)
Client.obj : error LNK2019: unresolved external symbol "class std::basic_string<char,struct std::char_traits<char>,class std::allocator<char> > __cdecl StringUtils::GetCommandLineArg(int)" (?GetCommandLineArg@StringUtils@@YA?AV?$basic_string@DU?$char_traits@D@std@@V?$allocator@D@2@@std@@H@Z) referenced in function "protected: __cdecl Client::Client(void)" (??0Client@@IEAA@XZ)
Client.obj : error LNK2019: unresolved external symbol "public: static class std::shared_ptr<class SocketAddress> __cdecl SocketAddressFactory::CreateIPv4FromString(class std::basic_string<char,struct std::char_traits<char>,class std::allocator<char> > const &)" (?CreateIPv4FromString@SocketAddressFactory@@SA?AV?$shared_ptr@VSocketAddress@@@std@@AEBV?$basic_string@DU?$char_traits@D@std@@V?$allocator@D@2@@3@@Z) referenced in function "protected: __cdecl Client::Client(void)" (??0Client@@IEAA@XZ)
Client.obj : error LNK2019: unresolved external symbol "public: void __cdecl GameObjectRegistry::RegisterCreationFunction(unsigned int,class std::shared_ptr<class GameObject> (__cdecl*)(void))" (?RegisterCreationFunction@GameObjectRegistry@@QEAAXIP6A?AV?$shared_ptr@VGameObject@@@std@@XZ@Z) referenced in function "protected: __cdecl Client::Client(void)" (??0Client@@IEAA@XZ)
Client.obj : error LNK2019: unresolved external symbol "public: void __cdecl NetworkManager::ProcessIncomingPackets(void)" (?ProcessIncomingPackets@NetworkManager@@QEAAXXZ) referenced in function "protected: virtual void __cdecl Client::DoFrame(void)" (?DoFrame@Client@@MEAAXXZ)
Client.obj : error LNK2019: unresolved external symbol "public: virtual __cdecl Engine::~Engine(void)" (??1Engine@@UEAA@XZ) referenced in function "int `protected: __cdecl Client::Client(void)'::`1'::dtor$0" (?dtor$0@?0???0Client@@IEAA@XZ@4HA)
Client.obj : error LNK2001: unresolved external symbol "public: virtual int __cdecl Engine::Run(void)" (?Run@Engine@@UEAAHXZ)
Client.obj : error LNK2019: unresolved external symbol "protected: __cdecl Engine::Engine(void)" (??0Engine@@IEAA@XZ) referenced in function "protected: __cdecl Client::Client(void)" (??0Client@@IEAA@XZ)
Client.obj : error LNK2019: unresolved external symbol "protected: virtual void __cdecl Engine::DoFrame(void)" (?DoFrame@Engine@@MEAAXXZ) referenced in function "protected: virtual void __cdecl Client::DoFrame(void)" (?DoFrame@Client@@MEAAXXZ)
Client.obj : error LNK2001: unresolved external symbol "public: static class std::unique_ptr<class GameObjectRegistry,struct std::default_delete<class GameObjectRegistry> > GameObjectRegistry::sInstance" (?sInstance@GameObjectRegistry@@2V?$unique_ptr@VGameObjectRegistry@@U?$default_delete@VGameObjectRegistry@@@std@@@std@@A)
NetworkManagerClient.obj : error LNK2001: unresolved external symbol "public: static class std::unique_ptr<class GameObjectRegistry,struct std::default_delete<class GameObjectRegistry> > GameObjectRegistry::sInstance" (?sInstance@GameObjectRegistry@@2V?$unique_ptr@VGameObjectRegistry@@U?$default_delete@VGameObjectRegistry@@@std@@@std@@A)
ReplicationManagerClient.obj : error LNK2001: unresolved external symbol "public: static class std::unique_ptr<class GameObjectRegistry,struct std::default_delete<class GameObjectRegistry> > GameObjectRegistry::sInstance" (?sInstance@GameObjectRegistry@@2V?$unique_ptr@VGameObjectRegistry@@U?$default_delete@VGameObjectRegistry@@@std@@@std@@A)
Client.obj : error LNK2001: unresolved external symbol "public: static class std::unique_ptr<class Engine,struct std::default_delete<class Engine> > Engine::s_instance" (?s_instance@Engine@@2V?$unique_ptr@VEngine@@U?$default_delete@VEngine@@@std@@@std@@A)
ClientMain.obj : error LNK2001: unresolved external symbol "public: static class std::unique_ptr<class Engine,struct std::default_delete<class Engine> > Engine::s_instance" (?s_instance@Engine@@2V?$unique_ptr@VEngine@@U?$default_delete@VEngine@@@std@@@std@@A)
FontManager.obj : error LNK2019: unresolved external symbol "__declspec(dllimport) public: __cdecl sf::Font::Font(void)" (__imp_??0Font@sf@@QEAA@XZ) referenced in function "private: bool __cdecl FontManager::CacheFont(class std::basic_string<char,struct std::char_traits<char>,class std::allocator<char> >,char const *)" (?CacheFont@FontManager@@AEAA_NV?$basic_string@DU?$char_traits@D@std@@V?$allocator@D@2@@std@@PEBD@Z)
FontManager.obj : error LNK2019: unresolved external symbol "__declspec(dllimport) public: __cdecl sf::Font::~Font(void)" (__imp_??1Font@sf@@QEAA@XZ) referenced in function "public: void * __cdecl sf::Font::`scalar deleting destructor'(unsigned int)" (??_GFont@sf@@QEAAPEAXI@Z)
FontManager.obj : error LNK2019: unresolved external symbol "__declspec(dllimport) public: bool __cdecl sf::Font::loadFromFile(class std::basic_string<char,struct std::char_traits<char>,class std::allocator<char> > const &)" (__imp_?loadFromFile@Font@sf@@QEAA_NAEBV?$basic_string@DU?$char_traits@D@std@@V?$allocator@D@2@@std@@@Z) referenced in function "private: bool __cdecl FontManager::CacheFont(class std::basic_string<char,struct std::char_traits<char>,class std::allocator<char> >,char const *)" (?CacheFont@FontManager@@AEAA_NV?$basic_string@DU?$char_traits@D@std@@V?$allocator@D@2@@std@@PEBD@Z)
HUD.obj : error LNK2019: unresolved external symbol "__declspec(dllimport) public: __cdecl sf::String::String(class std::basic_string<char,struct std::char_traits<char>,class std::allocator<char> > const &,class std::locale const &)" (__imp_??0String@sf@@QEAA@AEBV?$basic_string@DU?$char_traits@D@std@@V?$allocator@D@2@@std@@AEBVlocale@3@@Z) referenced in function "private: void __cdecl HUD::RenderText(class std::basic_string<char,struct std::char_traits<char>,class std::allocator<char> > const &,class Vector3 const &,class Vector3 const &)" (?RenderText@HUD@@AEAAXAEBV?$basic_string@DU?$char_traits@D@std@@V?$allocator@D@2@@std@@AEBVVector3@@1@Z)
HUD.obj : error LNK2019: unresolved external symbol "__declspec(dllimport) public: __cdecl sf::String::~String(void)" (__imp_??1String@sf@@QEAA@XZ) referenced in function "private: void __cdecl HUD::RenderText(class std::basic_string<char,struct std::char_traits<char>,class std::allocator<char> > const &,class Vector3 const &,class Vector3 const &)" (?RenderText@HUD@@AEAAXAEBV?$basic_string@DU?$char_traits@D@std@@V?$allocator@D@2@@std@@AEBVVector3@@1@Z)
WindowManager.obj : error LNK2001: unresolved external symbol "__declspec(dllimport) public: __cdecl sf::String::~String(void)" (__imp_??1String@sf@@QEAA@XZ)
HUD.obj : error LNK2019: unresolved external symbol "__declspec(dllimport) public: void __cdecl sf::Transformable::setPosition(float,float)" (__imp_?setPosition@Transformable@sf@@QEAAXMM@Z) referenced in function "private: void __cdecl HUD::RenderText(class std::basic_string<char,struct std::char_traits<char>,class std::allocator<char> > const &,class Vector3 const &,class Vector3 const &)" (?RenderText@HUD@@AEAAXAEBV?$basic_string@DU?$char_traits@D@std@@V?$allocator@D@2@@std@@AEBVVector3@@1@Z)
PlayerSpriteComponent.obj : error LNK2001: unresolved external symbol "__declspec(dllimport) public: void __cdecl sf::Transformable::setPosition(float,float)" (__imp_?setPosition@Transformable@sf@@QEAAXMM@Z)
SpriteComponent.obj : error LNK2001: unresolved external symbol "__declspec(dllimport) public: void __cdecl sf::Transformable::setPosition(float,float)" (__imp_?setPosition@Transformable@sf@@QEAAXMM@Z)
HUD.obj : error LNK2019: unresolved external symbol "__declspec(dllimport) public: __cdecl sf::Color::Color(unsigned char,unsigned char,unsigned char,unsigned char)" (__imp_??0Color@sf@@QEAA@EEEE@Z) referenced in function "private: void __cdecl HUD::RenderText(class std::basic_string<char,struct std::char_traits<char>,class std::allocator<char> > const &,class Vector3 const &,class Vector3 const &)" (?RenderText@HUD@@AEAAXAEBV?$basic_string@DU?$char_traits@D@std@@V?$allocator@D@2@@std@@AEBVVector3@@1@Z)
PlayerSpriteComponent.obj : error LNK2001: unresolved external symbol "__declspec(dllimport) public: __cdecl sf::Color::Color(unsigned char,unsigned char,unsigned char,unsigned char)" (__imp_??0Color@sf@@QEAA@EEEE@Z)
RenderManager.obj : error LNK2001: unresolved external symbol "__declspec(dllimport) public: __cdecl sf::Color::Color(unsigned char,unsigned char,unsigned char,unsigned char)" (__imp_??0Color@sf@@QEAA@EEEE@Z)
HUD.obj : error LNK2019: unresolved external symbol "__declspec(dllimport) public: void __cdecl sf::RenderTarget::draw(class sf::Drawable const &,class sf::RenderStates const &)" (__imp_?draw@RenderTarget@sf@@QEAAXAEBVDrawable@2@AEBVRenderStates@2@@Z) referenced in function "private: void __cdecl HUD::RenderText(class std::basic_string<char,struct std::char_traits<char>,class std::allocator<char> > const &,class Vector3 const &,class Vector3 const &)" (?RenderText@HUD@@AEAAXAEBV?$basic_string@DU?$char_traits@D@std@@V?$allocator@D@2@@std@@AEBVVector3@@1@Z)
RenderManager.obj : error LNK2001: unresolved external symbol "__declspec(dllimport) public: void __cdecl sf::RenderTarget::draw(class sf::Drawable const &,class sf::RenderStates const &)" (__imp_?draw@RenderTarget@sf@@QEAAXAEBVDrawable@2@AEBVRenderStates@2@@Z)
HUD.obj : error LNK2019: unresolved external symbol "__declspec(dllimport) public: __cdecl sf::Text::Text(void)" (__imp_??0Text@sf@@QEAA@XZ) referenced in function "private: void __cdecl HUD::RenderText(class std::basic_string<char,struct std::char_traits<char>,class std::allocator<char> > const &,class Vector3 const &,class Vector3 const &)" (?RenderText@HUD@@AEAAXAEBV?$basic_string@DU?$char_traits@D@std@@V?$allocator@D@2@@std@@AEBVVector3@@1@Z)
HUD.obj : error LNK2019: unresolved external symbol "__declspec(dllimport) public: void __cdecl sf::Text::setString(class sf::String const &)" (__imp_?setString@Text@sf@@QEAAXAEBVString@2@@Z) referenced in function "private: void __cdecl HUD::RenderText(class std::basic_string<char,struct std::char_traits<char>,class std::allocator<char> > const &,class Vector3 const &,class Vector3 const &)" (?RenderText@HUD@@AEAAXAEBV?$basic_string@DU?$char_traits@D@std@@V?$allocator@D@2@@std@@AEBVVector3@@1@Z)
HUD.obj : error LNK2019: unresolved external symbol "__declspec(dllimport) public: void __cdecl sf::Text::setFont(class sf::Font const &)" (__imp_?setFont@Text@sf@@QEAAXAEBVFont@2@@Z) referenced in function "private: void __cdecl HUD::RenderText(class std::basic_string<char,struct std::char_traits<char>,class std::allocator<char> > const &,class Vector3 const &,class Vector3 const &)" (?RenderText@HUD@@AEAAXAEBV?$basic_string@DU?$char_traits@D@std@@V?$allocator@D@2@@std@@AEBVVector3@@1@Z)
HUD.obj : error LNK2019: unresolved external symbol "__declspec(dllimport) public: void __cdecl sf::Text::setCharacterSize(unsigned int)" (__imp_?setCharacterSize@Text@sf@@QEAAXI@Z) referenced in function "private: void __cdecl HUD::RenderText(class std::basic_string<char,struct std::char_traits<char>,class std::allocator<char> > const &,class Vector3 const &,class Vector3 const &)" (?RenderText@HUD@@AEAAXAEBV?$basic_string@DU?$char_traits@D@std@@V?$allocator@D@2@@std@@AEBVVector3@@1@Z)
HUD.obj : error LNK2019: unresolved external symbol "__declspec(dllimport) public: void __cdecl sf::Text::setFillColor(class sf::Color const &)" (__imp_?setFillColor@Text@sf@@QEAAXAEBVColor@2@@Z) referenced in function "private: void __cdecl HUD::RenderText(class std::basic_string<char,struct std::char_traits<char>,class std::allocator<char> > const &,class Vector3 const &,class Vector3 const &)" (?RenderText@HUD@@AEAAXAEBV?$basic_string@DU?$char_traits@D@std@@V?$allocator@D@2@@std@@AEBVVector3@@1@Z)
HUD.obj : error LNK2019: unresolved external symbol "__declspec(dllimport) public: virtual __cdecl sf::Text::~Text(void)" (__imp_??1Text@sf@@UEAA@XZ) referenced in function "private: void __cdecl HUD::RenderText(class std::basic_string<char,struct std::char_traits<char>,class std::allocator<char> > const &,class Vector3 const &,class Vector3 const &)" (?RenderText@HUD@@AEAAXAEBV?$basic_string@DU?$char_traits@D@std@@V?$allocator@D@2@@std@@AEBVVector3@@1@Z)
HUD.obj : error LNK2019: unresolved external symbol "class std::basic_string<char,struct std::char_traits<char>,class std::allocator<char> > __cdecl StringUtils::Sprintf(char const *,...)" (?Sprintf@StringUtils@@YA?AV?$basic_string@DU?$char_traits@D@std@@V?$allocator@D@2@@std@@PEBDZZ) referenced in function "private: void __cdecl HUD::RenderBandWidth(void)" (?RenderBandWidth@HUD@@AEAAXXZ)
HUD.obj : error LNK2019: unresolved external symbol "__declspec(dllimport) public: static class sf::RenderStates const sf::RenderStates::Default" (__imp_?Default@RenderStates@sf@@2V12@B) referenced in function "private: void __cdecl HUD::RenderText(class std::basic_string<char,struct std::char_traits<char>,class std::allocator<char> > const &,class Vector3 const &,class Vector3 const &)" (?RenderText@HUD@@AEAAXAEBV?$basic_string@DU?$char_traits@D@std@@V?$allocator@D@2@@std@@AEBVVector3@@1@Z)
RenderManager.obj : error LNK2001: unresolved external symbol "__declspec(dllimport) public: static class sf::RenderStates const sf::RenderStates::Default" (__imp_?Default@RenderStates@sf@@2V12@B)
HUD.obj : error LNK2001: unresolved external symbol "public: static class std::unique_ptr<class ScoreBoardManager,struct std::default_delete<class ScoreBoardManager> > ScoreBoardManager::sInstance" (?sInstance@ScoreBoardManager@@2V?$unique_ptr@VScoreBoardManager@@U?$default_delete@VScoreBoardManager@@@std@@@std@@A)
NetworkManagerClient.obj : error LNK2001: unresolved external symbol "public: static class std::unique_ptr<class ScoreBoardManager,struct std::default_delete<class ScoreBoardManager> > ScoreBoardManager::sInstance" (?sInstance@ScoreBoardManager@@2V?$unique_ptr@VScoreBoardManager@@U?$default_delete@VScoreBoardManager@@@std@@@std@@A)
InputManager.obj : error LNK2019: unresolved external symbol "public: class Move const & __cdecl MoveList::AddMove(class InputState const &,float)" (?AddMove@MoveList@@QEAAAEBVMove@@AEBVInputState@@M@Z) referenced in function "private: class Move const & __cdecl InputManager::SampleInputAsMove(void)" (?SampleInputAsMove@InputManager@@AEAAAEBVMove@@XZ)
InputManager.obj : error LNK2001: unresolved external symbol "public: static class Timing Timing::sInstance" (?sInstance@Timing@@2V1@A)
NetworkManagerClient.obj : error LNK2001: unresolved external symbol "public: static class Timing Timing::sInstance" (?sInstance@Timing@@2V1@A)
RoboCatClient.obj : error LNK2001: unresolved external symbol "public: static class Timing Timing::sInstance" (?sInstance@Timing@@2V1@A)
MouseClient.obj : error LNK2001: unresolved external symbol "public: virtual void __cdecl GameObject::Update(void)" (?Update@GameObject@@UEAAXXZ)
RoboCatClient.obj : error LNK2001: unresolved external symbol "public: virtual void __cdecl GameObject::Update(void)" (?Update@GameObject@@UEAAXXZ)
YarnClient.obj : error LNK2001: unresolved external symbol "public: virtual void __cdecl GameObject::Update(void)" (?Update@GameObject@@UEAAXXZ)
MouseClient.obj : error LNK2001: unresolved external symbol "public: virtual unsigned int __cdecl Mouse::Write(class OutputMemoryBitStream &,unsigned int)const " (?Write@Mouse@@UEBAIAEAVOutputMemoryBitStream@@I@Z)
MouseClient.obj : error LNK2001: unresolved external symbol "public: virtual void __cdecl Mouse::Read(class InputMemoryBitStream &)" (?Read@Mouse@@UEAAXAEAVInputMemoryBitStream@@@Z)
MouseClient.obj : error LNK2001: unresolved external symbol "public: virtual bool __cdecl Mouse::HandleCollisionWithCat(class RoboCat *)" (?HandleCollisionWithCat@Mouse@@UEAA_NPEAVRoboCat@@@Z)
MouseClient.obj : error LNK2019: unresolved external symbol "protected: __cdecl Mouse::Mouse(void)" (??0Mouse@@IEAA@XZ) referenced in function "protected: __cdecl MouseClient::MouseClient(void)" (??0MouseClient@@IEAA@XZ)
NetworkManagerClient.obj : error LNK2019: unresolved external symbol "void __cdecl StringUtils::Log(char const *,...)" (?Log@StringUtils@@YAXPEBDZZ) referenced in function "private: void __cdecl NetworkManagerClient::HandleWelcomePacket(class InputMemoryBitStream &)" (?HandleWelcomePacket@NetworkManagerClient@@AEAAXAEAVInputMemoryBitStream@@@Z)
RoboCatClient.obj : error LNK2001: unresolved external symbol "void __cdecl StringUtils::Log(char const *,...)" (?Log@StringUtils@@YAXPEBDZZ)
NetworkManagerClient.obj : error LNK2019: unresolved external symbol "public: void __cdecl OutputMemoryBitStream::WriteBits(void const *,unsigned int)" (?WriteBits@OutputMemoryBitStream@@QEAAXPEBXI@Z) referenced in function "public: void __cdecl OutputMemoryBitStream::Write<char>(char,unsigned int)" (??$Write@D@OutputMemoryBitStream@@QEAAXDI@Z)
NetworkManagerClient.obj : error LNK2019: unresolved external symbol "private: void __cdecl OutputMemoryBitStream::ReallocBuffer(unsigned int)" (?ReallocBuffer@OutputMemoryBitStream@@AEAAXI@Z) referenced in function "public: __cdecl OutputMemoryBitStream::OutputMemoryBitStream(void)" (??0OutputMemoryBitStream@@QEAA@XZ)
NetworkManagerClient.obj : error LNK2019: unresolved external symbol "public: void __cdecl InputMemoryBitStream::ReadBits(void *,unsigned int)" (?ReadBits@InputMemoryBitStream@@QEAAXPEAXI@Z) referenced in function "public: void __cdecl InputMemoryBitStream::Read(int &,unsigned int)" (?Read@InputMemoryBitStream@@QEAAXAEAHI@Z)
ReplicationManagerClient.obj : error LNK2001: unresolved external symbol "public: void __cdecl InputMemoryBitStream::ReadBits(void *,unsigned int)" (?ReadBits@InputMemoryBitStream@@QEAAXPEAXI@Z)
RoboCatClient.obj : error LNK2001: unresolved external symbol "public: void __cdecl InputMemoryBitStream::ReadBits(void *,unsigned int)" (?ReadBits@InputMemoryBitStream@@QEAAXPEAXI@Z)
YarnClient.obj : error LNK2001: unresolved external symbol "public: void __cdecl InputMemoryBitStream::ReadBits(void *,unsigned int)" (?ReadBits@InputMemoryBitStream@@QEAAXPEAXI@Z)
NetworkManagerClient.obj : error LNK2019: unresolved external symbol "public: __cdecl DeliveryNotificationManager::DeliveryNotificationManager(bool,bool)" (??0DeliveryNotificationManager@@QEAA@_N0@Z) referenced in function "private: __cdecl NetworkManagerClient::NetworkManagerClient(void)" (??0NetworkManagerClient@@AEAA@XZ)
NetworkManagerClient.obj : error LNK2019: unresolved external symbol "public: __cdecl DeliveryNotificationManager::~DeliveryNotificationManager(void)" (??1DeliveryNotificationManager@@QEAA@XZ) referenced in function "int `private: __cdecl NetworkManagerClient::NetworkManagerClient(void)'::`1'::dtor$1" (?dtor$1@?0???0NetworkManagerClient@@AEAA@XZ@4HA)
NetworkManagerClient.obj : error LNK2019: unresolved external symbol "private: class InFlightPacket * __cdecl DeliveryNotificationManager::WriteSequenceNumber(class OutputMemoryBitStream &)" (?WriteSequenceNumber@DeliveryNotificationManager@@AEAAPEAVInFlightPacket@@AEAVOutputMemoryBitStream@@@Z) referenced in function "public: class InFlightPacket * __cdecl DeliveryNotificationManager::WriteState(class OutputMemoryBitStream &)" (?WriteState@DeliveryNotificationManager@@QEAAPEAVInFlightPacket@@AEAVOutputMemoryBitStream@@@Z)
NetworkManagerClient.obj : error LNK2019: unresolved external symbol "private: void __cdecl DeliveryNotificationManager::WriteAckData(class OutputMemoryBitStream &)" (?WriteAckData@DeliveryNotificationManager@@AEAAXAEAVOutputMemoryBitStream@@@Z) referenced in function "public: class InFlightPacket * __cdecl DeliveryNotificationManager::WriteState(class OutputMemoryBitStream &)" (?WriteState@DeliveryNotificationManager@@QEAAPEAVInFlightPacket@@AEAVOutputMemoryBitStream@@@Z)
NetworkManagerClient.obj : error LNK2019: unresolved external symbol "private: bool __cdecl DeliveryNotificationManager::ProcessSequenceNumber(class InputMemoryBitStream &)" (?ProcessSequenceNumber@DeliveryNotificationManager@@AEAA_NAEAVInputMemoryBitStream@@@Z) referenced in function "public: bool __cdecl DeliveryNotificationManager::ReadAndProcessState(class InputMemoryBitStream &)" (?ReadAndProcessState@DeliveryNotificationManager@@QEAA_NAEAVInputMemoryBitStream@@@Z)
NetworkManagerClient.obj : error LNK2019: unresolved external symbol "private: void __cdecl DeliveryNotificationManager::ProcessAcks(class InputMemoryBitStream &)" (?ProcessAcks@DeliveryNotificationManager@@AEAAXAEAVInputMemoryBitStream@@@Z) referenced in function "public: bool __cdecl DeliveryNotificationManager::ReadAndProcessState(class InputMemoryBitStream &)" (?ReadAndProcessState@DeliveryNotificationManager@@QEAA_NAEAVInputMemoryBitStream@@@Z)
NetworkManagerClient.obj : error LNK2019: unresolved external symbol "public: bool __cdecl Move::Write(class OutputMemoryBitStream &)const " (?Write@Move@@QEBA_NAEAVOutputMemoryBitStream@@@Z) referenced in function "private: void __cdecl NetworkManagerClient::SendInputPacket(void)" (?SendInputPacket@NetworkManagerClient@@AEAAXXZ)
NetworkManagerClient.obj : error LNK2019: unresolved external symbol "public: void __cdecl MoveList::RemovedProcessedMoves(float)" (?RemovedProcessedMoves@MoveList@@QEAAXM@Z) referenced in function "private: void __cdecl NetworkManagerClient::ReadLastMoveProcessedOnServerTimestamp(class InputMemoryBitStream &)" (?ReadLastMoveProcessedOnServerTimestamp@NetworkManagerClient@@AEAAXAEAVInputMemoryBitStream@@@Z)
NetworkManagerClient.obj : error LNK2019: unresolved external symbol "public: void __cdecl GameObject::SetNetworkId(int)" (?SetNetworkId@GameObject@@QEAAXH@Z) referenced in function "private: void __cdecl NetworkManagerClient::HandleGameObjectState(class InputMemoryBitStream &)" (?HandleGameObjectState@NetworkManagerClient@@AEAAXAEAVInputMemoryBitStream@@@Z)
ReplicationManagerClient.obj : error LNK2001: unresolved external symbol "public: void __cdecl GameObject::SetNetworkId(int)" (?SetNetworkId@GameObject@@QEAAXH@Z)
NetworkManagerClient.obj : error LNK2019: unresolved external symbol "public: class std::shared_ptr<class GameObject> __cdecl GameObjectRegistry::CreateGameObject(unsigned int)" (?CreateGameObject@GameObjectRegistry@@QEAA?AV?$shared_ptr@VGameObject@@@std@@I@Z) referenced in function "private: void __cdecl NetworkManagerClient::HandleGameObjectState(class InputMemoryBitStream &)" (?HandleGameObjectState@NetworkManagerClient@@AEAAXAEAVInputMemoryBitStream@@@Z)
ReplicationManagerClient.obj : error LNK2001: unresolved external symbol "public: class std::shared_ptr<class GameObject> __cdecl GameObjectRegistry::CreateGameObject(unsigned int)" (?CreateGameObject@GameObjectRegistry@@QEAA?AV?$shared_ptr@VGameObject@@@std@@I@Z)
NetworkManagerClient.obj : error LNK2019: unresolved external symbol "public: double __cdecl Timing::GetTime(void)const " (?GetTime@Timing@@QEBANXZ) referenced in function "public: float __cdecl Timing::GetTimef(void)const " (?GetTimef@Timing@@QEBAMXZ)
NetworkManagerClient.obj : error LNK2019: unresolved external symbol "public: bool __cdecl ScoreBoardManager::Read(class InputMemoryBitStream &)" (?Read@ScoreBoardManager@@QEAA_NAEAVInputMemoryBitStream@@@Z) referenced in function "private: void __cdecl NetworkManagerClient::HandleScoreBoardState(class InputMemoryBitStream &)" (?HandleScoreBoardState@NetworkManagerClient@@AEAAXAEAVInputMemoryBitStream@@@Z)
NetworkManagerClient.obj : error LNK2019: unresolved external symbol "public: __cdecl NetworkManager::NetworkManager(void)" (??0NetworkManager@@QEAA@XZ) referenced in function "private: __cdecl NetworkManagerClient::NetworkManagerClient(void)" (??0NetworkManagerClient@@AEAA@XZ)
NetworkManagerClient.obj : error LNK2019: unresolved external symbol "public: virtual __cdecl NetworkManager::~NetworkManager(void)" (??1NetworkManager@@UEAA@XZ) referenced in function "int `private: __cdecl NetworkManagerClient::NetworkManagerClient(void)'::`1'::dtor$0" (?dtor$0@?0???0NetworkManagerClient@@AEAA@XZ@4HA)
NetworkManagerClient.obj : error LNK2019: unresolved external symbol "public: bool __cdecl NetworkManager::Init(unsigned short)" (?Init@NetworkManager@@QEAA_NG@Z) referenced in function "private: void __cdecl NetworkManagerClient::Init(class SocketAddress const &,class std::basic_string<char,struct std::char_traits<char>,class std::allocator<char> > const &)" (?Init@NetworkManagerClient@@AEAAXAEBVSocketAddress@@AEBV?$basic_string@DU?$char_traits@D@std@@V?$allocator@D@2@@std@@@Z)
NetworkManagerClient.obj : error LNK2019: unresolved external symbol "public: void __cdecl NetworkManager::SendPacket(class OutputMemoryBitStream const &,class SocketAddress const &)" (?SendPacket@NetworkManager@@QEAAXAEBVOutputMemoryBitStream@@AEBVSocketAddress@@@Z) referenced in function "private: void __cdecl NetworkManagerClient::SendHelloPacket(void)" (?SendHelloPacket@NetworkManagerClient@@AEAAXXZ)
NetworkManagerClient.obj : error LNK2019: unresolved external symbol "public: void __cdecl NetworkManager::AddNetworkIdToGameObjectMap(class std::shared_ptr<class GameObject>)" (?AddNetworkIdToGameObjectMap@NetworkManager@@QEAAXV?$shared_ptr@VGameObject@@@std@@@Z) referenced in function "private: void __cdecl NetworkManagerClient::HandleGameObjectState(class InputMemoryBitStream &)" (?HandleGameObjectState@NetworkManagerClient@@AEAAXAEAVInputMemoryBitStream@@@Z)
ReplicationManagerClient.obj : error LNK2001: unresolved external symbol "public: void __cdecl NetworkManager::AddNetworkIdToGameObjectMap(class std::shared_ptr<class GameObject>)" (?AddNetworkIdToGameObjectMap@NetworkManager@@QEAAXV?$shared_ptr@VGameObject@@@std@@@Z)
PlayerSpriteComponent.obj : error LNK2019: unresolved external symbol "__declspec(dllimport) public: void __cdecl sf::Transformable::setRotation(float)" (__imp_?setRotation@Transformable@sf@@QEAAXM@Z) referenced in function "public: virtual class sf::Sprite & __cdecl PlayerSpriteComponent::GetSprite(void)" (?GetSprite@PlayerSpriteComponent@@UEAAAEAVSprite@sf@@XZ)
SpriteComponent.obj : error LNK2001: unresolved external symbol "__declspec(dllimport) public: void __cdecl sf::Transformable::setRotation(float)" (__imp_?setRotation@Transformable@sf@@QEAAXM@Z)
PlayerSpriteComponent.obj : error LNK2019: unresolved external symbol "__declspec(dllimport) public: void __cdecl sf::Sprite::setColor(class sf::Color const &)" (__imp_?setColor@Sprite@sf@@QEAAXAEBVColor@2@@Z) referenced in function "public: virtual class sf::Sprite & __cdecl PlayerSpriteComponent::GetSprite(void)" (?GetSprite@PlayerSpriteComponent@@UEAAAEAVSprite@sf@@XZ)
RenderManager.obj : error LNK2019: unresolved external symbol "__declspec(dllimport) public: void __cdecl sf::Window::display(void)" (__imp_?display@Window@sf@@QEAAXXZ) referenced in function "public: void __cdecl RenderManager::Render(void)" (?Render@RenderManager@@QEAAXXZ)
RenderManager.obj : error LNK2019: unresolved external symbol "__declspec(dllimport) public: __cdecl sf::View::View(void)" (__imp_??0View@sf@@QEAA@XZ) referenced in function "private: __cdecl RenderManager::RenderManager(void)" (??0RenderManager@@AEAA@XZ)
RenderManager.obj : error LNK2019: unresolved external symbol "__declspec(dllimport) public: void __cdecl sf::View::reset(class sf::Rect<float> const &)" (__imp_?reset@View@sf@@QEAAXAEBV?$Rect@M@2@@Z) referenced in function "private: __cdecl RenderManager::RenderManager(void)" (??0RenderManager@@AEAA@XZ)
RenderManager.obj : error LNK2019: unresolved external symbol "__declspec(dllimport) public: void __cdecl sf::RenderTarget::clear(class sf::Color const &)" (__imp_?clear@RenderTarget@sf@@QEAAXAEBVColor@2@@Z) referenced in function "public: void __cdecl RenderManager::Render(void)" (?Render@RenderManager@@QEAAXXZ)
RenderManager.obj : error LNK2019: unresolved external symbol "__declspec(dllimport) public: void __cdecl sf::RenderTarget::setView(class sf::View const &)" (__imp_?setView@RenderTarget@sf@@QEAAXAEBVView@2@@Z) referenced in function "private: __cdecl RenderManager::RenderManager(void)" (??0RenderManager@@AEAA@XZ)
ReplicationManagerClient.obj : error LNK2019: unresolved external symbol "public: void __cdecl NetworkManager::RemoveNetworkIdToGameObjectMap(class std::shared_ptr<class GameObject>)" (?RemoveNetworkIdToGameObjectMap@NetworkManager@@QEAAXV?$shared_ptr@VGameObject@@@std@@@Z) referenced in function "private: void __cdecl ReplicationManagerClient::ReadAndDoDestroyAction(class InputMemoryBitStream &,int)" (?ReadAndDoDestroyAction@ReplicationManagerClient@@AEAAXAEAVInputMemoryBitStream@@H@Z)
RoboCatClient.obj : error LNK2019: unresolved external symbol "public: void __cdecl InputMemoryBitStream::Read(class Vector3 &)" (?Read@InputMemoryBitStream@@QEAAXAEAVVector3@@@Z) referenced in function "public: virtual void __cdecl RoboCatClient::Read(class InputMemoryBitStream &)" (?Read@RoboCatClient@@UEAAXAEAVInputMemoryBitStream@@@Z)
YarnClient.obj : error LNK2001: unresolved external symbol "public: void __cdecl InputMemoryBitStream::Read(class Vector3 &)" (?Read@InputMemoryBitStream@@QEAAXAEAVVector3@@@Z)
RoboCatClient.obj : error LNK2019: unresolved external symbol "public: void __cdecl GameObject::SetRotation(float)" (?SetRotation@GameObject@@QEAAXM@Z) referenced in function "public: virtual void __cdecl RoboCatClient::Read(class InputMemoryBitStream &)" (?Read@RoboCatClient@@UEAAXAEAVInputMemoryBitStream@@@Z)
YarnClient.obj : error LNK2001: unresolved external symbol "public: void __cdecl GameObject::SetRotation(float)" (?SetRotation@GameObject@@QEAAXM@Z)
RoboCatClient.obj : error LNK2019: unresolved external symbol "public: void __cdecl RoboCat::ProcessInput(float,class InputState const &)" (?ProcessInput@RoboCat@@QEAAXMAEBVInputState@@@Z) referenced in function "public: void __cdecl RoboCatClient::DoClientSidePredictionAfterReplicationForLocalCat(unsigned int)" (?DoClientSidePredictionAfterReplicationForLocalCat@RoboCatClient@@QEAAXI@Z)
RoboCatClient.obj : error LNK2019: unresolved external symbol "public: void __cdecl RoboCat::SimulateMovement(float)" (?SimulateMovement@RoboCat@@QEAAXM@Z) referenced in function "public: void __cdecl RoboCatClient::DoClientSidePredictionAfterReplicationForLocalCat(unsigned int)" (?DoClientSidePredictionAfterReplicationForLocalCat@RoboCatClient@@QEAAXI@Z)
RoboCatClient.obj : error LNK2001: unresolved external symbol "public: virtual unsigned int __cdecl RoboCat::Write(class OutputMemoryBitStream &,unsigned int)const " (?Write@RoboCat@@UEBAIAEAVOutputMemoryBitStream@@I@Z)
RoboCatClient.obj : error LNK2019: unresolved external symbol "protected: __cdecl RoboCat::RoboCat(void)" (??0RoboCat@@IEAA@XZ) referenced in function "protected: __cdecl RoboCatClient::RoboCatClient(void)" (??0RoboCatClient@@IEAA@XZ)
RoboCatClient.obj : error LNK2001: unresolved external symbol "public: static class Vector3 const Vector3::Zero" (?Zero@Vector3@@2V1@B)
SpriteComponent.obj : error LNK2019: unresolved external symbol "__declspec(dllimport) public: void __cdecl sf::Transformable::setScale(class sf::Vector2<float> const &)" (__imp_?setScale@Transformable@sf@@QEAAXAEBV?$Vector2@M@2@@Z) referenced in function "public: void __cdecl SpriteComponent::SetTexture(class std::shared_ptr<class sf::Texture>)" (?SetTexture@SpriteComponent@@QEAAXV?$shared_ptr@VTexture@sf@@@std@@@Z)
SpriteComponent.obj : error LNK2019: unresolved external symbol "__declspec(dllimport) public: void __cdecl sf::Transformable::setOrigin(float,float)" (__imp_?setOrigin@Transformable@sf@@QEAAXMM@Z) referenced in function "public: void __cdecl SpriteComponent::SetTexture(class std::shared_ptr<class sf::Texture>)" (?SetTexture@SpriteComponent@@QEAAXV?$shared_ptr@VTexture@sf@@@std@@@Z)
SpriteComponent.obj : error LNK2019: unresolved external symbol "__declspec(dllimport) public: class sf::Vector2<unsigned int> __cdecl sf::Texture::getSize(void)const " (__imp_?getSize@Texture@sf@@QEBA?AV?$Vector2@I@2@XZ) referenced in function "public: void __cdecl SpriteComponent::SetTexture(class std::shared_ptr<class sf::Texture>)" (?SetTexture@SpriteComponent@@QEAAXV?$shared_ptr@VTexture@sf@@@std@@@Z)
SpriteComponent.obj : error LNK2019: unresolved external symbol "__declspec(dllimport) public: __cdecl sf::Sprite::Sprite(void)" (__imp_??0Sprite@sf@@QEAA@XZ) referenced in function "public: __cdecl SpriteComponent::SpriteComponent(class GameObject *)" (??0SpriteComponent@@QEAA@PEAVGameObject@@@Z)
SpriteComponent.obj : error LNK2019: unresolved external symbol "__declspec(dllimport) public: void __cdecl sf::Sprite::setTexture(class sf::Texture const &,bool)" (__imp_?setTexture@Sprite@sf@@QEAAXAEBVTexture@2@_N@Z) referenced in function "public: void __cdecl SpriteComponent::SetTexture(class std::shared_ptr<class sf::Texture>)" (?SetTexture@SpriteComponent@@QEAAXV?$shared_ptr@VTexture@sf@@@std@@@Z)
SpriteComponent.obj : error LNK2019: unresolved external symbol "__declspec(dllimport) public: virtual __cdecl sf::Sprite::~Sprite(void)" (__imp_??1Sprite@sf@@UEAA@XZ) referenced in function "int `public: __cdecl SpriteComponent::SpriteComponent(class GameObject *)'::`1'::dtor$0" (?dtor$0@?0???0SpriteComponent@@QEAA@PEAVGameObject@@@Z@4HA)
TextureManager.obj : error LNK2019: unresolved external symbol "__declspec(dllimport) public: __cdecl sf::Texture::Texture(void)" (__imp_??0Texture@sf@@QEAA@XZ) referenced in function "private: bool __cdecl TextureManager::CacheTexture(class std::basic_string<char,struct std::char_traits<char>,class std::allocator<char> >,char const *)" (?CacheTexture@TextureManager@@AEAA_NV?$basic_string@DU?$char_traits@D@std@@V?$allocator@D@2@@std@@PEBD@Z)
TextureManager.obj : error LNK2019: unresolved external symbol "__declspec(dllimport) public: __cdecl sf::Texture::~Texture(void)" (__imp_??1Texture@sf@@QEAA@XZ) referenced in function "public: void * __cdecl sf::Texture::`scalar deleting destructor'(unsigned int)" (??_GTexture@sf@@QEAAPEAXI@Z)
TextureManager.obj : error LNK2019: unresolved external symbol "__declspec(dllimport) public: bool __cdecl sf::Texture::loadFromFile(class std::basic_string<char,struct std::char_traits<char>,class std::allocator<char> > const &,class sf::Rect<int> const &)" (__imp_?loadFromFile@Texture@sf@@QEAA_NAEBV?$basic_string@DU?$char_traits@D@std@@V?$allocator@D@2@@std@@AEBV?$Rect@H@2@@Z) referenced in function "private: bool __cdecl TextureManager::CacheTexture(class std::basic_string<char,struct std::char_traits<char>,class std::allocator<char> >,char const *)" (?CacheTexture@TextureManager@@AEAA_NV?$basic_string@DU?$char_traits@D@std@@V?$allocator@D@2@@std@@PEBD@Z)
WindowManager.obj : error LNK2019: unresolved external symbol "__declspec(dllimport) public: __cdecl sf::String::String(char const *,class std::locale const &)" (__imp_??0String@sf@@QEAA@PEBDAEBVlocale@std@@@Z) referenced in function "public: static bool __cdecl WindowManager::StaticInit(void)" (?StaticInit@WindowManager@@SA_NXZ)
WindowManager.obj : error LNK2019: unresolved external symbol "__declspec(dllimport) public: __cdecl sf::VideoMode::VideoMode(unsigned int,unsigned int,unsigned int)" (__imp_??0VideoMode@sf@@QEAA@III@Z) referenced in function "public: static bool __cdecl WindowManager::StaticInit(void)" (?StaticInit@WindowManager@@SA_NXZ)
WindowManager.obj : error LNK2019: unresolved external symbol "__declspec(dllimport) public: __cdecl sf::RenderWindow::RenderWindow(class sf::VideoMode,class sf::String const &,unsigned int,struct sf::ContextSettings const &)" (__imp_??0RenderWindow@sf@@QEAA@VVideoMode@1@AEBVString@1@IAEBUContextSettings@1@@Z) referenced in function "public: static bool __cdecl WindowManager::StaticInit(void)" (?StaticInit@WindowManager@@SA_NXZ)
WindowManager.obj : error LNK2019: unresolved external symbol "__declspec(dllimport) public: virtual __cdecl sf::RenderWindow::~RenderWindow(void)" (__imp_??1RenderWindow@sf@@UEAA@XZ) referenced in function "public: virtual void * __cdecl sf::RenderWindow::`scalar deleting destructor'(unsigned int)" (??_GRenderWindow@sf@@UEAAPEAXI@Z)
WindowManager.obj : error LNK2001: unresolved external symbol "public: virtual class sf::Vector2<unsigned int> __cdecl sf::RenderWindow::getSize(void)const " (?getSize@RenderWindow@sf@@UEBA?AV?$Vector2@I@2@XZ)
WindowManager.obj : error LNK2001: unresolved external symbol "protected: virtual void __cdecl sf::RenderWindow::onCreate(void)" (?onCreate@RenderWindow@sf@@MEAAXXZ)
WindowManager.obj : error LNK2001: unresolved external symbol "protected: virtual void __cdecl sf::RenderWindow::onResize(void)" (?onResize@RenderWindow@sf@@MEAAXXZ)
WindowManager.obj : error LNK2001: unresolved external symbol "public: virtual bool __cdecl sf::RenderWindow::setActive(bool)" (?setActive@RenderWindow@sf@@UEAA_N_N@Z)
YarnClient.obj : error LNK2001: unresolved external symbol "public: virtual unsigned int __cdecl Yarn::Write(class OutputMemoryBitStream &,unsigned int)const " (?Write@Yarn@@UEBAIAEAVOutputMemoryBitStream@@I@Z)
YarnClient.obj : error LNK2001: unresolved external symbol "public: virtual void __cdecl Yarn::Update(void)" (?Update@Yarn@@UEAAXXZ)
YarnClient.obj : error LNK2001: unresolved external symbol "public: virtual bool __cdecl Yarn::HandleCollisionWithCat(class RoboCat *)" (?HandleCollisionWithCat@Yarn@@UEAA_NPEAVRoboCat@@@Z)
YarnClient.obj : error LNK2019: unresolved external symbol "protected: __cdecl Yarn::Yarn(void)" (??0Yarn@@IEAA@XZ) referenced in function "protected: __cdecl YarnClient::YarnClient(void)" (??0YarnClient@@IEAA@XZ)
C:\Users\ethan\Downloads\SFML-2.5.1-windows-vc15-32-bit\SFML-2.5.1\lib\sfml-graphics-d.lib : warning LNK4272: library machine type 'x86' conflicts with target machine type 'x64'
C:\Users\ethan\Downloads\SFML-2.5.1-windows-vc15-32-bit\SFML-2.5.1\lib\sfml-system-d.lib : warning LNK4272: library machine type 'x86' conflicts with target machine type 'x64'
C:\Users\ethan\Downloads\SFML-2.5.1-windows-vc15-32-bit\SFML-2.5.1\lib\sfml-window-d.lib : warning LNK4272: library machine type 'x86' conflicts with target machine type 'x64'
C:\Users\ethan\Downloads\SFML-2.5.1-windows-vc15-32-bit\SFML-2.5.1\lib\sfml-audio-d.lib : warning LNK4272: library machine type 'x86' conflicts with target machine type 'x64'
C:\Users\ethan\Downloads\GD4RoboCatSFML\x64\Debug\RoboCatSFMLClient.exe : fatal error LNK1120: 92 unresolved externals
