c:\users\ethan\downloads\gd4robocatsfml\robocatsfmlclient\x64\debug\robocatsfmlclient.pch
c:\users\ethan\downloads\gd4robocatsfml\robocatsfmlclient\x64\debug\vc142.pdb
c:\users\ethan\downloads\gd4robocatsfml\robocatsfmlclient\x64\debug\vc142.idb
c:\users\ethan\downloads\gd4robocatsfml\robocatsfmlclient\x64\debug\robocatclientpch.obj
c:\users\ethan\downloads\gd4robocatsfml\robocatsfmlclient\x64\debug\yarnclient.obj
c:\users\ethan\downloads\gd4robocatsfml\robocatsfmlclient\x64\debug\windowmanager.obj
c:\users\ethan\downloads\gd4robocatsfml\robocatsfmlclient\x64\debug\texturemanager.obj
c:\users\ethan\downloads\gd4robocatsfml\robocatsfmlclient\x64\debug\spritecomponent.obj
c:\users\ethan\downloads\gd4robocatsfml\robocatsfmlclient\x64\debug\robocatclient.obj
c:\users\ethan\downloads\gd4robocatsfml\robocatsfmlclient\x64\debug\replicationmanagerclient.obj
c:\users\ethan\downloads\gd4robocatsfml\robocatsfmlclient\x64\debug\rendermanager.obj
c:\users\ethan\downloads\gd4robocatsfml\robocatsfmlclient\x64\debug\playerspritecomponent.obj
c:\users\ethan\downloads\gd4robocatsfml\robocatsfmlclient\x64\debug\networkmanagerclient.obj
c:\users\ethan\downloads\gd4robocatsfml\robocatsfmlclient\x64\debug\mouseclient.obj
c:\users\ethan\downloads\gd4robocatsfml\robocatsfmlclient\x64\debug\inputmanager.obj
c:\users\ethan\downloads\gd4robocatsfml\robocatsfmlclient\x64\debug\hud.obj
c:\users\ethan\downloads\gd4robocatsfml\robocatsfmlclient\x64\debug\fontmanager.obj
c:\users\ethan\downloads\gd4robocatsfml\robocatsfmlclient\x64\debug\clientmain.obj
c:\users\ethan\downloads\gd4robocatsfml\robocatsfmlclient\x64\debug\client.obj
c:\users\ethan\downloads\gd4robocatsfml\x64\debug\robocatsfmlclient.pdb
c:\users\ethan\downloads\gd4robocatsfml\robocatsfmlclient\x64\debug\robocats.8b45a7f9.tlog\cl.command.1.tlog
c:\users\ethan\downloads\gd4robocatsfml\robocatsfmlclient\x64\debug\robocats.8b45a7f9.tlog\cl.read.1.tlog
c:\users\ethan\downloads\gd4robocatsfml\robocatsfmlclient\x64\debug\robocats.8b45a7f9.tlog\cl.write.1.tlog
c:\users\ethan\downloads\gd4robocatsfml\robocatsfmlclient\x64\debug\robocats.8b45a7f9.tlog\link-cvtres.read.1.tlog
c:\users\ethan\downloads\gd4robocatsfml\robocatsfmlclient\x64\debug\robocats.8b45a7f9.tlog\link-cvtres.write.1.tlog
c:\users\ethan\downloads\gd4robocatsfml\robocatsfmlclient\x64\debug\robocats.8b45a7f9.tlog\link-rc.read.1.tlog
c:\users\ethan\downloads\gd4robocatsfml\robocatsfmlclient\x64\debug\robocats.8b45a7f9.tlog\link-rc.write.1.tlog
c:\users\ethan\downloads\gd4robocatsfml\robocatsfmlclient\x64\debug\robocats.8b45a7f9.tlog\link.command.1.tlog
c:\users\ethan\downloads\gd4robocatsfml\robocatsfmlclient\x64\debug\robocats.8b45a7f9.tlog\link.read.1.tlog
c:\users\ethan\downloads\gd4robocatsfml\robocatsfmlclient\x64\debug\robocats.8b45a7f9.tlog\link.read.2.tlog
c:\users\ethan\downloads\gd4robocatsfml\robocatsfmlclient\x64\debug\robocats.8b45a7f9.tlog\link.write.1.tlog
