c:\users\ethan\downloads\gd4robocatsfml\robocatsfml\debug\robocatsfml.pch
c:\users\ethan\downloads\gd4robocatsfml\debug\robocatsfml.pdb
c:\users\ethan\downloads\gd4robocatsfml\debug\robocatsfml.idb
c:\users\ethan\downloads\gd4robocatsfml\robocatsfml\debug\robocatpch.obj
c:\users\ethan\downloads\gd4robocatsfml\robocatsfml\debug\tcpsocket.obj
c:\users\ethan\downloads\gd4robocatsfml\robocatsfml\debug\stringutils.obj
c:\users\ethan\downloads\gd4robocatsfml\robocatsfml\debug\socketutil.obj
c:\users\ethan\downloads\gd4robocatsfml\robocatsfml\debug\socketaddressfactory.obj
c:\users\ethan\downloads\gd4robocatsfml\robocatsfml\debug\socketaddress.obj
c:\users\ethan\downloads\gd4robocatsfml\robocatsfml\debug\scoreboardmanager.obj
c:\users\ethan\downloads\gd4robocatsfml\robocatsfml\debug\robomath.obj
c:\users\ethan\downloads\gd4robocatsfml\robocatsfml\debug\robocat.obj
c:\users\ethan\downloads\gd4robocatsfml\robocatsfml\debug\networkmanager.obj
c:\users\ethan\downloads\gd4robocatsfml\robocatsfml\debug\movelist.obj
c:\users\ethan\downloads\gd4robocatsfml\robocatsfml\debug\move.obj
c:\users\ethan\downloads\gd4robocatsfml\robocatsfml\debug\mouse.obj
c:\users\ethan\downloads\gd4robocatsfml\robocatsfml\debug\memorybitstream.obj
c:\users\ethan\downloads\gd4robocatsfml\robocatsfml\debug\inputstate.obj
c:\users\ethan\downloads\gd4robocatsfml\robocatsfml\debug\inflightpacket.obj
c:\users\ethan\downloads\gd4robocatsfml\robocatsfml\debug\gameobjectregistry.obj
c:\users\ethan\downloads\gd4robocatsfml\robocatsfml\debug\gameobject.obj
c:\users\ethan\downloads\gd4robocatsfml\robocatsfml\debug\engine.obj
c:\users\ethan\downloads\gd4robocatsfml\robocatsfml\debug\deliverynotificationmanager.obj
c:\users\ethan\downloads\gd4robocatsfml\robocatsfml\debug\ackrange.obj
c:\users\ethan\downloads\gd4robocatsfml\robocatsfml\debug\yarn.obj
c:\users\ethan\downloads\gd4robocatsfml\robocatsfml\debug\world.obj
c:\users\ethan\downloads\gd4robocatsfml\robocatsfml\debug\udpsocket.obj
c:\users\ethan\downloads\gd4robocatsfml\robocatsfml\debug\timing.obj
c:\users\ethan\downloads\gd4robocatsfml\debug\robocatsfml.lib
c:\users\ethan\downloads\gd4robocatsfml\robocatsfml\debug\robocatsfml.tlog\cl.command.1.tlog
c:\users\ethan\downloads\gd4robocatsfml\robocatsfml\debug\robocatsfml.tlog\cl.read.1.tlog
c:\users\ethan\downloads\gd4robocatsfml\robocatsfml\debug\robocatsfml.tlog\cl.write.1.tlog
c:\users\ethan\downloads\gd4robocatsfml\robocatsfml\debug\robocatsfml.tlog\lib-link.read.1.tlog
c:\users\ethan\downloads\gd4robocatsfml\robocatsfml\debug\robocatsfml.tlog\lib-link.write.1.tlog
c:\users\ethan\downloads\gd4robocatsfml\robocatsfml\debug\robocatsfml.tlog\lib.command.1.tlog
